2024-02-25 06:21:50 - -------- PLUGIN INITIALIZED --------
2024-02-25 06:21:50 - Archive Cache Manager plugin initialized (v2.16).
2024-02-25 06:21:50 - Verifying cache integrity... (C:\Programs\LaunchBox\ArchiveCache)
2024-02-25 06:21:50 - Verification complete.
2024-02-25 16:16:25 - LaunchBox / BigBox shutdown.
2024-02-25 16:29:26 - -------- PLUGIN INITIALIZED --------
2024-02-25 16:29:26 - Archive Cache Manager plugin initialized (v2.16).
2024-02-25 16:29:26 - Verifying cache integrity... (C:\Programs\LaunchBox\ArchiveCache)
2024-02-25 16:29:26 - Verification complete.
2024-02-25 16:29:31 - Update check found latest version installed.
2024-02-26 01:06:25 - -------- 4X4 EVO --------
2024-02-26 01:06:25 - Preparing cache for 4x4 Evo (Sega Dreamcast) running with Flycast.
2024-02-26 01:06:30 - Game started, cleaning up 7-Zip folder.
2024-02-26 01:15:05 - -------- ADVENTURE TIME: EXPLORE THE DUNGEON BECAUSE I DON'T KNOW! --------
2024-02-26 01:15:05 - Preparing cache for Adventure Time: Explore the Dungeon Because I Don't Know! (Nintendo 3DS) running with Citra.
2024-02-26 01:15:07 - Game started, cleaning up 7-Zip folder.
2024-02-26 01:15:50 - -------- ADVENTURE TIME: FINN & JAKE INVESTIGATIONS --------
2024-02-26 01:15:50 - Preparing cache for Adventure Time: Finn & Jake Investigations (Nintendo 3DS) running with Citra.
2024-02-26 01:15:52 - Game started, cleaning up 7-Zip folder.
2024-02-26 01:16:05 - -------- THE ALLIANCE ALIVE --------
2024-02-26 01:16:05 - Preparing cache for The Alliance Alive (Nintendo 3DS) running with Citra.
2024-02-26 01:16:15 - Game started, cleaning up 7-Zip folder.
2024-02-26 01:16:28 - -------- THE AMAZING SPIDER-MAN 2 --------
2024-02-26 01:16:28 - Preparing cache for The Amazing Spider-Man 2 (Nintendo 3DS) running with Citra.
2024-02-26 01:16:33 - Game started, cleaning up 7-Zip folder.
