2024-01-31 00:00:40 - -------- PLUGIN INITIALIZED --------
2024-01-31 00:00:40 - Archive Cache Manager plugin initialized (v2.16).
2024-01-31 00:00:40 - Verifying cache integrity... (C:\Programs\LaunchBox\ArchiveCache)
2024-01-31 00:00:40 - Verification complete.
2024-01-31 00:00:45 - Update check found latest version installed.
2024-01-31 02:13:46 - -------- PLUGIN INITIALIZED --------
2024-01-31 02:13:46 - Archive Cache Manager plugin initialized (v2.16).
2024-01-31 02:13:46 - Verifying cache integrity... (C:\Programs\LaunchBox\ArchiveCache)
2024-01-31 02:13:46 - Verification complete.
2024-01-31 02:13:50 - Update check found latest version installed.
2024-01-31 02:34:53 - -------- PLUGIN INITIALIZED --------
2024-01-31 02:34:53 - Archive Cache Manager plugin initialized (v2.16).
2024-01-31 02:34:53 - Verifying cache integrity... (C:\Programs\LaunchBox\ArchiveCache)
2024-01-31 02:34:53 - Verification complete.
2024-01-31 23:01:29 - -------- PLUGIN INITIALIZED --------
2024-01-31 23:01:29 - Archive Cache Manager plugin initialized (v2.16).
2024-01-31 23:01:29 - Verifying cache integrity... (C:\Programs\LaunchBox\ArchiveCache)
2024-01-31 23:01:29 - Verification complete.
2024-01-31 23:01:34 - Update check found latest version installed.
2024-02-01 00:51:17 - LaunchBox / BigBox shutdown.
